<?xml version="1.0" encoding="UTF-8"?>
<coverage generated="1691944825530" clover="3.2.0">
  <project timestamp="1691944825530" name="All files">
    <metrics statements="7" coveredstatements="7" conditionals="8" coveredconditionals="8" methods="1" coveredmethods="1" elements="16" coveredelements="16" complexity="0" loc="7" ncloc="7" packages="1" files="1" classes="1"/>
    <file name="health.js" path="/home/nikolay/Education/HomeWork/JS/AJS/test_CI/src/js/health.js">
      <metrics statements="7" coveredstatements="7" conditionals="8" coveredconditionals="8" methods="1" coveredmethods="1"/>
      <line num="3" count="3" type="cond" truecount="2" falsecount="0"/>
      <line num="4" count="1" type="stmt"/>
      <line num="6" count="3" type="cond" truecount="2" falsecount="0"/>
      <line num="7" count="1" type="stmt"/>
      <line num="9" count="3" type="cond" truecount="4" falsecount="0"/>
      <line num="10" count="1" type="stmt"/>
      <line num="12" count="3" type="stmt"/>
    </file>
  </project>
</coverage>
